v5.15
    - En teoria misma versión que la v5.14, pero debió de haber algun problema en el despliegue

v5.16
    - Cambio en la detección de desconexión del cable de ethernet para evitar problemas con el medidor ISKRA

v5.17
    - Eliminado Smartconfig
    - Añadida gestión de grupos
    - Añadido multiusuario
    - Añadido guardar registro de carga entre reinicios
    - Añadido Status de comunicaciones (Solo en el equipo)
    - Reducido tamaño memoria en spiram
    - Mejora en la visualizacion de la busqueda del medidor (LEDS)
    - Aumentado tiempo de inicio de busqueda modem(30 seg a 90)
    - Firebase Optimizado (5 seg deteccion conexion 150 miliseg durante conexion + añadido estado de conectado)
    - Cambio en el modo de busqueda del medidor para evitar problemas con el DHCP
    - Cambio en la detección de desconexión del cable de ethernet para evitar problemas con el medidor ISKRA
    - Comprobar la ausencia de Diodo solo a la entrada de B1
    - Nueva característica para indicar el usuario que ha iniciado la recarga
    - Ethernet siempre activo
    - Actualizada Librería NimBLE

v5.18
    - Añadido comprobación de checksum en el envio del firmware nuevo al PSOC5.
    - Añadido delay entre envio de lineas para el firmware del PSOC5.
    - Ahora al conectarse a Firebase se escriben tambien las comunicaciones.
    - Añadida copia interna de los datos de configuracion.
    - Añadida funcion para borrar espacios de la flash del psoc5 desde el esp.
    - Ahora se tiene en cuenta la intensidad de las programaciones aunque esté el CDP activado.
    - Almacenado del campo policy en el cargador.
    - Cambiar las programaciones por comunicaciones.
    - Cambios en la interfaz (leds y pitido del zumbador).
    - Desactivar autenticacion automatica a través de firebase.
    - Borrado de los datos de los grupos en cargadores especificos.
    - Borrado de los datos del apn en todos los cargadores la primera vez que se enciendan.
    - Almacenado de dos versiones de psoc5 (Actual y anterior).
    - Restablecimiento de versión anterior de firmware en caso de que la actual no funcione correctamente. 
